app/build/intermediates/manifest_merge_blame_file/debug/manifest-merger-blame-debug-report.txt
1<?xml version="1.0" encoding="utf-8"?>
2<manifest xmlns:android="http://schemas.android.com/apk/res/android"
3    package="com.example.smartlock"
4    android:versionCode="1"
5    android:versionName="1.0" >
6
7    <uses-sdk
8        android:minSdkVersion="23"
8-->src/main/AndroidManifest.xml
9        android:targetSdkVersion="29" />
9-->src/main/AndroidManifest.xml
10
11    <uses-permission android:name="android.permission.WAKE_LOCK" />
11-->src/main/AndroidManifest.xml:5:5-68
11-->src/main/AndroidManifest.xml:5:22-65
12    <uses-permission android:name="android.permission.ACCESS_NETWORK_STATE" />
12-->src/main/AndroidManifest.xml:6:5-79
12-->src/main/AndroidManifest.xml:6:22-76
13    <uses-permission android:name="android.permission.INTERNET" />
13-->src/main/AndroidManifest.xml:7:5-67
13-->src/main/AndroidManifest.xml:7:22-64
14    <uses-permission android:name="android.permission.READ_PHONE_STATE" />
14-->src/main/AndroidManifest.xml:8:5-75
14-->src/main/AndroidManifest.xml:8:22-72
15    <uses-permission android:name="android.permission.CAMERA" />
15-->src/main/AndroidManifest.xml:9:5-65
15-->src/main/AndroidManifest.xml:9:22-62
16
17    <uses-feature android:name="android.hardware.camera" />
17-->src/main/AndroidManifest.xml:10:5-60
17-->src/main/AndroidManifest.xml:10:19-57
18
19    <uses-permission android:name="android.permission.VIBRATE" />
19-->src/main/AndroidManifest.xml:11:5-65
19-->src/main/AndroidManifest.xml:11:22-63
20
21    <application
21-->src/main/AndroidManifest.xml:13:5-32:19
22        android:allowBackup="true"
22-->src/main/AndroidManifest.xml:14:9-35
23        android:appComponentFactory="androidx.core.app.CoreComponentFactory"
23-->[androidx.core:core:1.3.1] AndroidManifest.xml:24:18-86
24        android:debuggable="true"
25        android:extractNativeLibs="false"
26        android:icon="@mipmap/ic_launcher"
26-->src/main/AndroidManifest.xml:15:9-43
27        android:label="@string/app_name"
27-->src/main/AndroidManifest.xml:16:9-41
28        android:roundIcon="@mipmap/ic_launcher_round"
28-->src/main/AndroidManifest.xml:17:9-54
29        android:supportsRtl="true"
29-->src/main/AndroidManifest.xml:18:9-35
30        android:theme="@style/AppTheme" >
30-->src/main/AndroidManifest.xml:19:9-40
31        <activity android:name="com.example.smartlock.GestureActivity" />
31-->src/main/AndroidManifest.xml:20:9-52
31-->src/main/AndroidManifest.xml:20:19-50
32        <activity android:name="com.example.smartlock.TempActivity" />
32-->src/main/AndroidManifest.xml:21:9-50
32-->src/main/AndroidManifest.xml:21:19-47
33        <activity android:name="com.example.smartlock.MainActivity" >
33-->src/main/AndroidManifest.xml:22:9-28:20
33-->src/main/AndroidManifest.xml:22:19-47
34            <intent-filter>
34-->src/main/AndroidManifest.xml:23:13-27:29
35                <action android:name="android.intent.action.MAIN" />
35-->src/main/AndroidManifest.xml:24:17-69
35-->src/main/AndroidManifest.xml:24:25-66
36
37                <category android:name="android.intent.category.LAUNCHER" />
37-->src/main/AndroidManifest.xml:26:17-77
37-->src/main/AndroidManifest.xml:26:27-74
38            </intent-filter>
39        </activity>
40
41        <service android:name="org.eclipse.paho.android.service.MqttService" />
41-->src/main/AndroidManifest.xml:30:9-80
41-->src/main/AndroidManifest.xml:30:18-77
42        <service android:name="com.example.smartlock.MqttHelper" />
42-->src/main/AndroidManifest.xml:31:9-47
42-->src/main/AndroidManifest.xml:31:18-44
43    </application>
44
45</manifest>